<?xml version='1.0' encoding='UTF-8'?>
<testsuite hostname="BRM0083.local" name="TextServiceTest" tests="3" errors="0" failures="0" skipped="0" time="0.018" timestamp="2022-09-02T02:38:54">
          <properties>
      <property name="awt.toolkit" value="sun.lwawt.macosx.LWCToolkit"/><property name="java.specification.version" value="11"/><property name="sun.cpu.isalist" value=""/><property name="sun.jnu.encoding" value="UTF-8"/><property name="sun.arch.data.model" value="64"/><property name="java.vendor.url" value="https://aws.amazon.com/corretto/"/><property name="sun.boot.library.path" value="/Users/gabriel.babler/Library/Java/JavaVirtualMachines/corretto-11.0.14.1/Contents/Home/lib"/><property name="sun.java.command" value="/opt/homebrew/Cellar/sbt/1.7.1/libexec/bin/sbt-launch.jar test"/><property name="jdk.debug" value="release"/><property name="java.specification.vendor" value="Oracle Corporation"/><property name="java.version.date" value="2022-02-08"/><property name="java.home" value="/Users/gabriel.babler/Library/Java/JavaVirtualMachines/corretto-11.0.14.1/Contents/Home"/><property name="file.separator" value="/"/><property name="java.vm.compressedOopsMode" value="Zero based"/><property name="line.separator" value="
"/><property name="java.specification.name" value="Java Platform API Specification"/><property name="java.vm.specification.vendor" value="Oracle Corporation"/><property name="sun.management.compiler" value="HotSpot 64-Bit Tiered Compilers"/><property name="java.runtime.version" value="11.0.14.1+10-LTS"/><property name="user.name" value="gabriel.babler"/><property name="log4j.ignoreTCL" value="true"/><property name="file.encoding" value="UTF-8"/><property name="jnidispatch.path" value="/Users/gabriel.babler/Library/Caches/JNA/temp/jna18113979783339762764.tmp"/><property name="java.vendor.version" value="Corretto-11.0.14.10.1"/><property name="jna.loaded" value="true"/><property name="java.io.tmpdir" value="/var/folders/7b/yc30j8fj0c901xk6nvs7715w0000gq/T/"/><property name="java.version" value="11.0.14.1"/><property name="java.vm.specification.name" value="Java Virtual Machine Specification"/><property name="java.awt.printerjob" value="sun.lwawt.macosx.CPrinterJob"/><property name="sun.os.patch.level" value="unknown"/><property name="java.library.path" value="/Users/gabriel.babler/Library/Java/Extensions:/Library/Java/Extensions:/Network/Library/Java/Extensions:/System/Library/Java/Extensions:/usr/lib/java:."/><property name="java.vendor" value="Amazon.com Inc."/><property name="scala.ext.dirs" value="/Users/gabriel.babler/.sbt/1.0/java9-rt-ext-amazon_com_inc__11_0_14_1"/><property name="sun.io.unicode.encoding" value="UnicodeBig"/><property name="gopherProxySet" value="false"/><property name="java.class.path" value="/opt/homebrew/Cellar/sbt/1.7.1/libexec/bin/sbt-launch.jar"/><property name="java.vm.vendor" value="Amazon.com Inc."/><property name="jline.shutdownhook" value="false"/><property name="user.timezone" value="America/Sao_Paulo"/><property name="os.name" value="Mac OS X"/><property name="java.vm.specification.version" value="11"/><property name="sun.java.launcher" value="SUN_STANDARD"/><property name="user.country" value="BR"/><property name="sun.cpu.endian" value="little"/><property name="user.home" value="/Users/gabriel.babler"/><property name="user.language" value="en"/><property name="sbt.script" value="/opt/homebrew/Cellar/sbt/1.7.1/libexec/bin/sbt"/><property name="sbt.ipcsocket.tmpdir" value="/var/folders/7b/yc30j8fj0c901xk6nvs7715w0000gq/T/.sbt/ipcsocket"/><property name="swoval.tmpdir" value="/var/folders/7b/yc30j8fj0c901xk6nvs7715w0000gq/T/.sbt/swoval"/><property name="java.awt.graphicsenv" value="sun.awt.CGraphicsEnvironment"/><property name="jline.esc.timeout" value="0"/><property name="path.separator" value=":"/><property name="os.version" value="12.5.1"/><property name="jna.nosys" value="true"/><property name="java.runtime.name" value="OpenJDK Runtime Environment"/><property name="java.vm.name" value="OpenJDK 64-Bit Server VM"/><property name="jna.platform.library.path" value="/usr/lib:/usr/lib"/><property name="java.vendor.url.bug" value="https://github.com/corretto/corretto-11/issues/"/><property name="user.dir" value="/Users/gabriel.babler/Documents/personal/workspace/scala-demo"/><property name="os.arch" value="x86_64"/><property name="java.vm.info" value="mixed mode"/><property name="java.vm.version" value="11.0.14.1+10-LTS"/><property name="java.class.version" value="55.0"/>
    </properties>
          <testcase classname="TextServiceTest" name="TextService.text_break" time="0.015">
                      
                    </testcase><testcase classname="TextServiceTest" name="TextService.text_break text exceed the chars limit for the first word" time="0.0">
                      
                    </testcase><testcase classname="TextServiceTest" name="TextService.text_break text exceed the chars limit for any word but first" time="0.003">
                      
                    </testcase>
          <system-out><![CDATA[]]></system-out>
          <system-err><![CDATA[]]></system-err>
        </testsuite>